[20:13:33] [ServerMain/INFO]: Environment: authHost='https://authserver.mojang.com', accountsHost='https://api.mojang.com', sessionHost='https://sessionserver.mojang.com', servicesHost='https://api.minecraftservices.com', name='PROD'
[20:13:35] [ServerMain/INFO]: Loaded 7 recipes
[20:13:35] [ServerMain/INFO]: Loaded 1179 advancements
[20:13:37] [Server thread/INFO]: Starting minecraft server version 1.19.4
[20:13:37] [Server thread/INFO]: Loading properties
[20:13:37] [Server thread/INFO]: Default game type: SURVIVAL
[20:13:37] [Server thread/INFO]: Generating keypair
[20:13:37] [Server thread/INFO]: Starting Minecraft server on *:25565
[20:13:37] [Server thread/INFO]: Using default channel type
[20:13:38] [Server thread/INFO]: Preparing level "world"
[20:13:40] [Server thread/INFO]: Preparing start region for dimension minecraft:overworld
[20:13:44] [Worker-Main-7/INFO]: Preparing spawn area: 0%
[20:13:44] [Worker-Main-6/INFO]: Preparing spawn area: 0%
[20:13:44] [Worker-Main-6/INFO]: Preparing spawn area: 0%
[20:13:44] [Worker-Main-7/INFO]: Preparing spawn area: 0%
[20:13:44] [Worker-Main-7/INFO]: Preparing spawn area: 0%
[20:13:44] [Worker-Main-4/INFO]: Preparing spawn area: 0%
[20:13:44] [Worker-Main-4/INFO]: Preparing spawn area: 0%
[20:13:44] [Worker-Main-4/INFO]: Preparing spawn area: 0%
[20:13:44] [Worker-Main-7/INFO]: Preparing spawn area: 0%
[20:13:44] [Worker-Main-4/INFO]: Preparing spawn area: 0%
[20:13:45] [Worker-Main-7/INFO]: Preparing spawn area: 18%
[20:13:45] [Server thread/INFO]: Time elapsed: 5447 ms
[20:13:45] [Server thread/INFO]: Done (7.463s)! For help, type "help"
[20:25:33] [User Authenticator #1/INFO]: UUID of player haroou is 32c64b5e-7a25-402e-b6d7-51164aaa2912
[20:25:33] [Server thread/INFO]: haroou[/192.168.1.2:55900] logged in with entity id 63 at (633.5, 70.0, 335.5)
[20:25:33] [Server thread/INFO]: haroou joined the game
[20:25:37] [Server thread/WARN]: Can't keep up! Is the server overloaded? Running 4312ms or 86 ticks behind
[20:26:23] [Server thread/WARN]: Can't keep up! Is the server overloaded? Running 2419ms or 48 ticks behind
[20:26:49] [Server thread/WARN]: Can't keep up! Is the server overloaded? Running 11886ms or 237 ticks behind
[20:27:09] [Server thread/WARN]: Can't keep up! Is the server overloaded? Running 4451ms or 89 ticks behind
[20:27:28] [Server thread/WARN]: Can't keep up! Is the server overloaded? Running 3774ms or 75 ticks behind
[20:27:51] [Server thread/WARN]: Can't keep up! Is the server overloaded? Running 8636ms or 172 ticks behind
[20:28:15] [Server thread/WARN]: Can't keep up! Is the server overloaded? Running 8374ms or 167 ticks behind
[20:28:44] [Server thread/WARN]: Can't keep up! Is the server overloaded? Running 14440ms or 288 ticks behind
[20:29:07] [Server thread/INFO]: haroou lost connection: Disconnected
[20:29:07] [Server thread/INFO]: haroou left the game
[20:29:11] [Server thread/INFO]: Stopping server
[20:29:11] [Server thread/INFO]: Saving players
[20:29:11] [Server thread/INFO]: Saving worlds
[20:29:12] [Server thread/INFO]: Saving chunks for level 'ServerLevel[world]'/minecraft:overworld
[20:29:12] [Server thread/INFO]: Saving chunks for level 'ServerLevel[world]'/minecraft:the_end
[20:29:12] [Server thread/INFO]: Saving chunks for level 'ServerLevel[world]'/minecraft:the_nether
[20:29:12] [Server thread/INFO]: ThreadedAnvilChunkStorage (world): All chunks are saved
[20:29:12] [Server thread/INFO]: ThreadedAnvilChunkStorage (DIM1): All chunks are saved
[20:29:12] [Server thread/INFO]: ThreadedAnvilChunkStorage (DIM-1): All chunks are saved
[20:29:12] [Server thread/INFO]: ThreadedAnvilChunkStorage: All dimensions are saved
